<?xml version="1.0" encoding="UTF-8"?>
<testng-results ignored="0" total="4" passed="4" failed="0" skipped="0">
  <reporter-output>
  </reporter-output>
  <suite started-at="2023-11-27T13:44:30 IST" name="Default suite" finished-at="2023-11-27T13:47:49 IST" duration-ms="199666">
    <groups>
      <group name="cucumber">
        <method signature="AbstractTestNGCucumberTests.runScenario(io.cucumber.testng.PickleWrapper,io.cucumber.testng.FeatureWrapper)[pri:0, instance:runner.Runner@7a8c8dcf]" name="runScenario" class="io.cucumber.testng.AbstractTestNGCucumberTests"/>
      </group> <!-- cucumber -->
    </groups>
    <test started-at="2023-11-27T13:44:30 IST" name="Default test" finished-at="2023-11-27T13:47:49 IST" duration-ms="199666">
      <class name="runner.Runner">
        <test-method is-config="true" signature="setUpClass(org.testng.ITestContext)[pri:0, instance:runner.Runner@7a8c8dcf]" started-at="2023-11-27T13:44:30 IST" name="setUpClass" finished-at="2023-11-27T13:44:30 IST" duration-ms="657" status="PASS">
          <params>
            <param index="0">
              <value>
                <![CDATA[org.testng.TestRunner@2fd39436]]>
              </value>
            </param>
          </params>
          <reporter-output>
          </reporter-output>
        </test-method> <!-- setUpClass -->
        <test-method signature="runScenario(io.cucumber.testng.PickleWrapper,io.cucumber.testng.FeatureWrapper)[pri:0, instance:runner.Runner@7a8c8dcf]" started-at="2023-11-27T13:44:30 IST" name="runScenario" description="Runs Cucumber Scenarios" data-provider="scenarios" finished-at="2023-11-27T13:45:25 IST" duration-ms="54498" status="PASS">
          <params>
            <param index="0">
              <value>
                <![CDATA["Customer group creation"]]>
              </value>
            </param>
            <param index="1">
              <value>
                <![CDATA["Customer group flows"]]>
              </value>
            </param>
          </params>
          <reporter-output>
          </reporter-output>
        </test-method> <!-- runScenario -->
        <test-method signature="runScenario(io.cucumber.testng.PickleWrapper,io.cucumber.testng.FeatureWrapper)[pri:0, instance:runner.Runner@7a8c8dcf]" started-at="2023-11-27T13:45:25 IST" name="runScenario" description="Runs Cucumber Scenarios" data-provider="scenarios" finished-at="2023-11-27T13:46:02 IST" duration-ms="37126" status="PASS">
          <params>
            <param index="0">
              <value>
                <![CDATA["Customer group view"]]>
              </value>
            </param>
            <param index="1">
              <value>
                <![CDATA["Customer group flows"]]>
              </value>
            </param>
          </params>
          <reporter-output>
          </reporter-output>
        </test-method> <!-- runScenario -->
        <test-method signature="runScenario(io.cucumber.testng.PickleWrapper,io.cucumber.testng.FeatureWrapper)[pri:0, instance:runner.Runner@7a8c8dcf]" started-at="2023-11-27T13:46:02 IST" name="runScenario" description="Runs Cucumber Scenarios" data-provider="scenarios" finished-at="2023-11-27T13:47:11 IST" duration-ms="69274" status="PASS">
          <params>
            <param index="0">
              <value>
                <![CDATA["Customer group edit"]]>
              </value>
            </param>
            <param index="1">
              <value>
                <![CDATA["Customer group flows"]]>
              </value>
            </param>
          </params>
          <reporter-output>
          </reporter-output>
        </test-method> <!-- runScenario -->
        <test-method signature="runScenario(io.cucumber.testng.PickleWrapper,io.cucumber.testng.FeatureWrapper)[pri:0, instance:runner.Runner@7a8c8dcf]" started-at="2023-11-27T13:47:11 IST" name="runScenario" description="Runs Cucumber Scenarios" data-provider="scenarios" finished-at="2023-11-27T13:47:49 IST" duration-ms="38020" status="PASS">
          <params>
            <param index="0">
              <value>
                <![CDATA["Customer group delete"]]>
              </value>
            </param>
            <param index="1">
              <value>
                <![CDATA["Customer group flows"]]>
              </value>
            </param>
          </params>
          <reporter-output>
          </reporter-output>
        </test-method> <!-- runScenario -->
        <test-method is-config="true" signature="tearDownClass()[pri:0, instance:runner.Runner@7a8c8dcf]" started-at="2023-11-27T13:47:49 IST" name="tearDownClass" finished-at="2023-11-27T13:47:49 IST" duration-ms="41" status="PASS">
          <reporter-output>
          </reporter-output>
        </test-method> <!-- tearDownClass -->
      </class> <!-- runner.Runner -->
    </test> <!-- Default test -->
  </suite> <!-- Default suite -->
</testng-results>
